The MPI test test_mpi for C in mode normal failed to compile with the following output:
Change Dir: /home/tmane002/CS-211-Lab3/build/CMakeFiles/CMakeTmp

Run Build Command(s):/usr/bin/gmake cmTC_828d6/fast && /usr/bin/gmake -f CMakeFiles/cmTC_828d6.dir/build.make CMakeFiles/cmTC_828d6.dir/build
gmake[1]: Entering directory `/home/tmane002/CS-211-Lab3/build/CMakeFiles/CMakeTmp'
Building C object CMakeFiles/cmTC_828d6.dir/test_mpi.c.o
/usr/bin/cc    -o CMakeFiles/cmTC_828d6.dir/test_mpi.c.o   -c /usr/local/share/cmake-3.15/Modules/FindMPI/test_mpi.c
/usr/local/share/cmake-3.15/Modules/FindMPI/test_mpi.c:1:17: fatal error: mpi.h: No such file or directory
 #include <mpi.h>
                 ^
compilation terminated.
gmake[1]: *** [CMakeFiles/cmTC_828d6.dir/test_mpi.c.o] Error 1
gmake[1]: Leaving directory `/home/tmane002/CS-211-Lab3/build/CMakeFiles/CMakeTmp'
gmake: *** [cmTC_828d6/fast] Error 2



The MPI test test_mpi for CXX in mode normal failed to compile with the following output:
Change Dir: /home/tmane002/CS-211-Lab3/build/CMakeFiles/CMakeTmp

Run Build Command(s):/usr/bin/gmake cmTC_10291/fast && /usr/bin/gmake -f CMakeFiles/cmTC_10291.dir/build.make CMakeFiles/cmTC_10291.dir/build
gmake[1]: Entering directory `/home/tmane002/CS-211-Lab3/build/CMakeFiles/CMakeTmp'
Building CXX object CMakeFiles/cmTC_10291.dir/test_mpi.cpp.o
/usr/bin/c++     -o CMakeFiles/cmTC_10291.dir/test_mpi.cpp.o -c /home/tmane002/CS-211-Lab3/build/CMakeFiles/FindMPI/test_mpi.cpp
/home/tmane002/CS-211-Lab3/build/CMakeFiles/FindMPI/test_mpi.cpp:1:17: fatal error: mpi.h: No such file or directory
 #include <mpi.h>
                 ^
compilation terminated.
gmake[1]: *** [CMakeFiles/cmTC_10291.dir/test_mpi.cpp.o] Error 1
gmake[1]: Leaving directory `/home/tmane002/CS-211-Lab3/build/CMakeFiles/CMakeTmp'
gmake: *** [cmTC_10291/fast] Error 2



The MPI test test_mpi for C in mode normal failed to compile with the following output:
Change Dir: /home/tmane002/CS-211-Lab3/build/CMakeFiles/CMakeTmp

Run Build Command(s):/usr/bin/gmake cmTC_ebce9/fast && /usr/bin/gmake -f CMakeFiles/cmTC_ebce9.dir/build.make CMakeFiles/cmTC_ebce9.dir/build
gmake[1]: Entering directory `/home/tmane002/CS-211-Lab3/build/CMakeFiles/CMakeTmp'
Building C object CMakeFiles/cmTC_ebce9.dir/test_mpi.c.o
/usr/bin/cc    -o CMakeFiles/cmTC_ebce9.dir/test_mpi.c.o   -c /usr/local/share/cmake-3.15/Modules/FindMPI/test_mpi.c
/usr/local/share/cmake-3.15/Modules/FindMPI/test_mpi.c:1:17: fatal error: mpi.h: No such file or directory
 #include <mpi.h>
                 ^
compilation terminated.
gmake[1]: *** [CMakeFiles/cmTC_ebce9.dir/test_mpi.c.o] Error 1
gmake[1]: Leaving directory `/home/tmane002/CS-211-Lab3/build/CMakeFiles/CMakeTmp'
gmake: *** [cmTC_ebce9/fast] Error 2



The MPI test test_mpi for CXX in mode normal failed to compile with the following output:
Change Dir: /home/tmane002/CS-211-Lab3/build/CMakeFiles/CMakeTmp

Run Build Command(s):/usr/bin/gmake cmTC_e0417/fast && /usr/bin/gmake -f CMakeFiles/cmTC_e0417.dir/build.make CMakeFiles/cmTC_e0417.dir/build
gmake[1]: Entering directory `/home/tmane002/CS-211-Lab3/build/CMakeFiles/CMakeTmp'
Building CXX object CMakeFiles/cmTC_e0417.dir/test_mpi.cpp.o
/usr/bin/c++     -o CMakeFiles/cmTC_e0417.dir/test_mpi.cpp.o -c /home/tmane002/CS-211-Lab3/build/CMakeFiles/FindMPI/test_mpi.cpp
/home/tmane002/CS-211-Lab3/build/CMakeFiles/FindMPI/test_mpi.cpp:1:17: fatal error: mpi.h: No such file or directory
 #include <mpi.h>
                 ^
compilation terminated.
gmake[1]: *** [CMakeFiles/cmTC_e0417.dir/test_mpi.cpp.o] Error 1
gmake[1]: Leaving directory `/home/tmane002/CS-211-Lab3/build/CMakeFiles/CMakeTmp'
gmake: *** [cmTC_e0417/fast] Error 2



